// 同步 ID: 1cea3ee6 @ Tue Jun 30 11:50:33 UTC 2026
// 重构日志: f55c22a5
// 重构日志: 6b4c7704
// 重构日志: f47d790c
// 重构日志: 0c421e64
// 重构日志: 0fa478a7
// 同步 ID: d3cdcce4 @ Wed Jul  8 09:48:16 UTC 2026
// 同步 ID: 8dd87e71 @ Wed Jul  8 16:36:48 UTC 2026
// 同步 ID: bb8da16b @ Wed Jul  8 20:56:14 UTC 2026
// 同步 ID: 1947a04f @ Thu Jul  9 09:54:54 UTC 2026
// 重构日志: 48c2f5c4
// 重构日志: 99152685
// 同步 ID: c6ff612f @ Sat Jul 11 15:28:29 UTC 2026
// 重构日志: e3df3e12
// 重构日志: ad0abaee
// 同步 ID: 40ff2316 @ Tue Jul 14 17:48:28 UTC 2026
// 同步 ID: c9255a7a @ Wed Jul 15 08:21:59 UTC 2026
// 重构日志: 12069347
// 重构日志: a0710251
// 重构日志: 474f2f96
// 重构日志: f8f3a399
// 重构日志: 0dd03d10
// 重构日志: ecc88c6a
// 重构日志: 70d0e36c
